<?xml version="1.0" encoding="UTF-8"?>
<!-- Generated by org.testng.reporters.JUnitReportReporter -->
<testsuite name="com.gugr.cases.GetUserInfoListTest" tests="1" time="2.067" ignored="0" failures="0" timestamp="30 十一月 2018 16:05:47 GMT" skipped="0" hostname="DESKTOP-GOPHRU3" errors="0">
  <testcase name="getUserListInfo" time="2.067" classname="com.gugr.cases.GetUserInfoListTest"/>
</testsuite> <!-- com.gugr.cases.GetUserInfoListTest -->
