<?xml version="1.0" encoding="UTF-8"?>
<!-- Generated by org.testng.reporters.JUnitReportReporter -->
<testsuite name="com.gugr.cases.LoginTest" tests="2" time="2.977" ignored="0" failures="0" timestamp="01 十二月 2018 14:36:23 GMT" skipped="0" hostname="DESKTOP-GOPHRU3" errors="0">
  <testcase name="loginTrue" time="2.103" classname="com.gugr.cases.LoginTest"/>
  <testcase name="loginFalse" time="0.874" classname="com.gugr.cases.LoginTest"/>
</testsuite> <!-- com.gugr.cases.LoginTest -->
