<?xml version="1.0" encoding="UTF-8"?>
<!-- Generated by org.testng.reporters.JUnitReportReporter -->
<testsuite name="com.gugr.cases.UpdateUserInfoTest" tests="2" time="3.166" ignored="0" failures="0" timestamp="30 十一月 2018 16:05:47 GMT" skipped="0" hostname="DESKTOP-GOPHRU3" errors="0">
  <testcase name="updateUserInfo" time="3.092" classname="com.gugr.cases.UpdateUserInfoTest"/>
  <testcase name="deleteUser" time="0.074" classname="com.gugr.cases.UpdateUserInfoTest"/>
</testsuite> <!-- com.gugr.cases.UpdateUserInfoTest -->
